2024-09-12T14:27:17.626+01:00  INFO 3968 --- [demobalancee_rewards_management_API] [restartedMain] .BalanceeRewardsManagementApiApplication : Starting BalanceeRewardsManagementApiApplication using Java 22.0.1 with PID 3968 (C:\Users\ETC\Desktop\Mag_portfolio\Balancee_rewards_management_API\target\classes started by ETC in C:\Users\ETC\Desktop\Mag_portfolio\Balancee_rewards_management_API)
2024-09-12T14:27:17.711+01:00  INFO 3968 --- [demobalancee_rewards_management_API] [restartedMain] .BalanceeRewardsManagementApiApplication : No active profile set, falling back to 1 default profile: "default"
2024-09-12T14:27:17.893+01:00  INFO 3968 --- [demobalancee_rewards_management_API] [restartedMain] .e.DevToolsPropertyDefaultsPostProcessor : Devtools property defaults active! Set 'spring.devtools.add-properties' to 'false' to disable
2024-09-12T14:27:17.893+01:00  INFO 3968 --- [demobalancee_rewards_management_API] [restartedMain] .e.DevToolsPropertyDefaultsPostProcessor : For additional web related logging consider setting the 'logging.level.web' property to 'DEBUG'
2024-09-12T14:27:21.488+01:00  INFO 3968 --- [demobalancee_rewards_management_API] [restartedMain] .s.d.r.c.RepositoryConfigurationDelegate : Bootstrapping Spring Data JPA repositories in DEFAULT mode.
2024-09-12T14:27:21.655+01:00  INFO 3968 --- [demobalancee_rewards_management_API] [restartedMain] .s.d.r.c.RepositoryConfigurationDelegate : Finished Spring Data repository scanning in 148 ms. Found 2 JPA repository interfaces.
2024-09-12T14:27:23.770+01:00  INFO 3968 --- [demobalancee_rewards_management_API] [restartedMain] o.s.b.w.embedded.tomcat.TomcatWebServer  : Tomcat initialized with port 8181 (http)
2024-09-12T14:27:23.795+01:00  INFO 3968 --- [demobalancee_rewards_management_API] [restartedMain] o.apache.catalina.core.StandardService   : Starting service [Tomcat]
2024-09-12T14:27:23.803+01:00  INFO 3968 --- [demobalancee_rewards_management_API] [restartedMain] o.apache.catalina.core.StandardEngine    : Starting Servlet engine: [Apache Tomcat/10.1.28]
2024-09-12T14:27:23.923+01:00  INFO 3968 --- [demobalancee_rewards_management_API] [restartedMain] o.a.c.c.C.[Tomcat].[localhost].[/]       : Initializing Spring embedded WebApplicationContext
2024-09-12T14:27:23.928+01:00  INFO 3968 --- [demobalancee_rewards_management_API] [restartedMain] w.s.c.ServletWebServerApplicationContext : Root WebApplicationContext: initialization completed in 6035 ms
2024-09-12T14:27:24.733+01:00  INFO 3968 --- [demobalancee_rewards_management_API] [restartedMain] o.hibernate.jpa.internal.util.LogHelper  : HHH000204: Processing PersistenceUnitInfo [name: default]
2024-09-12T14:27:24.898+01:00  INFO 3968 --- [demobalancee_rewards_management_API] [restartedMain] org.hibernate.Version                    : HHH000412: Hibernate ORM core version 6.5.2.Final
2024-09-12T14:27:25.018+01:00  INFO 3968 --- [demobalancee_rewards_management_API] [restartedMain] o.h.c.internal.RegionFactoryInitiator    : HHH000026: Second-level cache disabled
2024-09-12T14:27:25.743+01:00  INFO 3968 --- [demobalancee_rewards_management_API] [restartedMain] o.s.o.j.p.SpringPersistenceUnitInfo      : No LoadTimeWeaver setup: ignoring JPA class transformer
2024-09-12T14:27:25.803+01:00  INFO 3968 --- [demobalancee_rewards_management_API] [restartedMain] com.zaxxer.hikari.HikariDataSource       : HikariPool-1 - Starting...
2024-09-12T14:27:26.152+01:00  INFO 3968 --- [demobalancee_rewards_management_API] [restartedMain] com.zaxxer.hikari.pool.HikariPool        : HikariPool-1 - Added connection org.postgresql.jdbc.PgConnection@15fdff26
2024-09-12T14:27:26.152+01:00  INFO 3968 --- [demobalancee_rewards_management_API] [restartedMain] com.zaxxer.hikari.HikariDataSource       : HikariPool-1 - Start completed.
2024-09-12T14:27:26.283+01:00  WARN 3968 --- [demobalancee_rewards_management_API] [restartedMain] org.hibernate.orm.deprecation            : HHH90000025: PostgreSQLDialect does not need to be specified explicitly using 'hibernate.dialect' (remove the property setting and it will be selected by default)
2024-09-12T14:27:29.644+01:00  INFO 3968 --- [demobalancee_rewards_management_API] [restartedMain] o.h.e.t.j.p.i.JtaPlatformInitiator       : HHH000489: No JTA platform available (set 'hibernate.transaction.jta.platform' to enable JTA platform integration)
2024-09-12T14:27:29.953+01:00  INFO 3968 --- [demobalancee_rewards_management_API] [restartedMain] j.LocalContainerEntityManagerFactoryBean : Initialized JPA EntityManagerFactory for persistence unit 'default'
2024-09-12T14:27:34.458+01:00  WARN 3968 --- [demobalancee_rewards_management_API] [restartedMain] .s.s.UserDetailsServiceAutoConfiguration : 

Using generated security password: c4537a5f-e96f-4e0e-9d9d-31ca185dd498

This generated password is for development use only. Your security configuration must be updated before running your application in production.

2024-09-12T14:27:34.493+01:00  INFO 3968 --- [demobalancee_rewards_management_API] [restartedMain] r$InitializeUserDetailsManagerConfigurer : Global AuthenticationManager configured with UserDetailsService bean with name inMemoryUserDetailsManager
2024-09-12T14:27:34.893+01:00  INFO 3968 --- [demobalancee_rewards_management_API] [restartedMain] o.s.b.a.e.web.EndpointLinksResolver      : Exposing 3 endpoints beneath base path '/actuator'
2024-09-12T14:27:35.329+01:00  INFO 3968 --- [demobalancee_rewards_management_API] [restartedMain] o.s.b.d.a.OptionalLiveReloadServer       : LiveReload server is running on port 35729
2024-09-12T14:27:35.531+01:00  INFO 3968 --- [demobalancee_rewards_management_API] [restartedMain] o.s.b.w.embedded.tomcat.TomcatWebServer  : Tomcat started on port 8181 (http) with context path '/'
2024-09-12T14:27:35.583+01:00  INFO 3968 --- [demobalancee_rewards_management_API] [restartedMain] .BalanceeRewardsManagementApiApplication : Started BalanceeRewardsManagementApiApplication in 19.145 seconds (process running for 22.695)
2024-09-12T14:28:13.475+01:00  INFO 3968 --- [demobalancee_rewards_management_API] [http-nio-8181-exec-1] o.a.c.c.C.[Tomcat].[localhost].[/]       : Initializing Spring DispatcherServlet 'dispatcherServlet'
2024-09-12T14:28:13.475+01:00  INFO 3968 --- [demobalancee_rewards_management_API] [http-nio-8181-exec-1] o.s.web.servlet.DispatcherServlet        : Initializing Servlet 'dispatcherServlet'
2024-09-12T14:28:13.483+01:00  INFO 3968 --- [demobalancee_rewards_management_API] [http-nio-8181-exec-1] o.s.web.servlet.DispatcherServlet        : Completed initialization in 8 ms
2024-09-12T14:33:47.655+01:00  INFO 3968 --- [demobalancee_rewards_management_API] [File Watcher] rtingClassPathChangeChangedEventListener : Restarting due to 1 class path change (0 additions, 0 deletions, 1 modification)
2024-09-12T14:33:47.702+01:00  INFO 3968 --- [demobalancee_rewards_management_API] [Thread-5] j.LocalContainerEntityManagerFactoryBean : Closing JPA EntityManagerFactory for persistence unit 'default'
2024-09-12T14:33:47.722+01:00  INFO 3968 --- [demobalancee_rewards_management_API] [Thread-5] com.zaxxer.hikari.HikariDataSource       : HikariPool-1 - Shutdown initiated...
2024-09-12T14:33:47.737+01:00  INFO 3968 --- [demobalancee_rewards_management_API] [Thread-5] com.zaxxer.hikari.HikariDataSource       : HikariPool-1 - Shutdown completed.
2024-09-12T14:33:47.985+01:00  INFO 3968 --- [demobalancee_rewards_management_API] [restartedMain] .BalanceeRewardsManagementApiApplication : Starting BalanceeRewardsManagementApiApplication using Java 22.0.1 with PID 3968 (C:\Users\ETC\Desktop\Mag_portfolio\Balancee_rewards_management_API\target\classes started by ETC in C:\Users\ETC\Desktop\Mag_portfolio\Balancee_rewards_management_API)
2024-09-12T14:33:47.985+01:00  INFO 3968 --- [demobalancee_rewards_management_API] [restartedMain] .BalanceeRewardsManagementApiApplication : No active profile set, falling back to 1 default profile: "default"
2024-09-12T14:33:49.065+01:00  INFO 3968 --- [demobalancee_rewards_management_API] [restartedMain] .s.d.r.c.RepositoryConfigurationDelegate : Bootstrapping Spring Data JPA repositories in DEFAULT mode.
2024-09-12T14:33:49.097+01:00  INFO 3968 --- [demobalancee_rewards_management_API] [restartedMain] .s.d.r.c.RepositoryConfigurationDelegate : Finished Spring Data repository scanning in 31 ms. Found 2 JPA repository interfaces.
2024-09-12T14:33:49.540+01:00  INFO 3968 --- [demobalancee_rewards_management_API] [restartedMain] o.s.b.w.embedded.tomcat.TomcatWebServer  : Tomcat initialized with port 8181 (http)
2024-09-12T14:33:49.542+01:00  INFO 3968 --- [demobalancee_rewards_management_API] [restartedMain] o.apache.catalina.core.StandardService   : Starting service [Tomcat]
2024-09-12T14:33:49.543+01:00  INFO 3968 --- [demobalancee_rewards_management_API] [restartedMain] o.apache.catalina.core.StandardEngine    : Starting Servlet engine: [Apache Tomcat/10.1.28]
2024-09-12T14:33:49.605+01:00  INFO 3968 --- [demobalancee_rewards_management_API] [restartedMain] o.a.c.c.C.[Tomcat].[localhost].[/]       : Initializing Spring embedded WebApplicationContext
2024-09-12T14:33:49.605+01:00  INFO 3968 --- [demobalancee_rewards_management_API] [restartedMain] w.s.c.ServletWebServerApplicationContext : Root WebApplicationContext: initialization completed in 1620 ms
2024-09-12T14:33:50.086+01:00  INFO 3968 --- [demobalancee_rewards_management_API] [restartedMain] o.hibernate.jpa.internal.util.LogHelper  : HHH000204: Processing PersistenceUnitInfo [name: default]
2024-09-12T14:33:50.094+01:00  INFO 3968 --- [demobalancee_rewards_management_API] [restartedMain] o.h.c.internal.RegionFactoryInitiator    : HHH000026: Second-level cache disabled
2024-09-12T14:33:50.118+01:00  INFO 3968 --- [demobalancee_rewards_management_API] [restartedMain] o.s.o.j.p.SpringPersistenceUnitInfo      : No LoadTimeWeaver setup: ignoring JPA class transformer
2024-09-12T14:33:50.118+01:00  INFO 3968 --- [demobalancee_rewards_management_API] [restartedMain] com.zaxxer.hikari.HikariDataSource       : HikariPool-2 - Starting...
2024-09-12T14:33:50.230+01:00  INFO 3968 --- [demobalancee_rewards_management_API] [restartedMain] com.zaxxer.hikari.pool.HikariPool        : HikariPool-2 - Added connection org.postgresql.jdbc.PgConnection@386b2c0c
2024-09-12T14:33:50.230+01:00  INFO 3968 --- [demobalancee_rewards_management_API] [restartedMain] com.zaxxer.hikari.HikariDataSource       : HikariPool-2 - Start completed.
2024-09-12T14:33:50.252+01:00  WARN 3968 --- [demobalancee_rewards_management_API] [restartedMain] org.hibernate.orm.deprecation            : HHH90000025: PostgreSQLDialect does not need to be specified explicitly using 'hibernate.dialect' (remove the property setting and it will be selected by default)
2024-09-12T14:33:50.542+01:00  INFO 3968 --- [demobalancee_rewards_management_API] [restartedMain] o.h.e.t.j.p.i.JtaPlatformInitiator       : HHH000489: No JTA platform available (set 'hibernate.transaction.jta.platform' to enable JTA platform integration)
2024-09-12T14:33:50.653+01:00  INFO 3968 --- [demobalancee_rewards_management_API] [restartedMain] j.LocalContainerEntityManagerFactoryBean : Initialized JPA EntityManagerFactory for persistence unit 'default'
2024-09-12T14:33:52.322+01:00  INFO 3968 --- [demobalancee_rewards_management_API] [restartedMain] r$InitializeUserDetailsManagerConfigurer : Global AuthenticationManager configured with UserDetailsService bean with name inMemoryUserDetailsManager
2024-09-12T14:33:52.417+01:00  INFO 3968 --- [demobalancee_rewards_management_API] [restartedMain] o.s.b.a.e.web.EndpointLinksResolver      : Exposing 3 endpoints beneath base path '/actuator'
2024-09-12T14:33:52.687+01:00  INFO 3968 --- [demobalancee_rewards_management_API] [restartedMain] o.s.b.d.a.OptionalLiveReloadServer       : LiveReload server is running on port 35729
2024-09-12T14:33:52.745+01:00  INFO 3968 --- [demobalancee_rewards_management_API] [restartedMain] o.s.b.w.embedded.tomcat.TomcatWebServer  : Tomcat started on port 8181 (http) with context path '/'
2024-09-12T14:33:52.762+01:00  INFO 3968 --- [demobalancee_rewards_management_API] [restartedMain] .BalanceeRewardsManagementApiApplication : Started BalanceeRewardsManagementApiApplication in 4.857 seconds (process running for 399.875)
2024-09-12T14:33:52.782+01:00  INFO 3968 --- [demobalancee_rewards_management_API] [restartedMain] .ConditionEvaluationDeltaLoggingListener : Condition evaluation unchanged
